[04-May-2018 03:35:15 UTC] PHP Warning:  Invalid argument supplied for foreach() in /home/ubuntu/workspace/jpatrick/project2/checkout.php on line 5
[04-May-2018 03:35:15 UTC] PHP Stack trace:
[04-May-2018 03:35:15 UTC] PHP   1. {main}() /home/ubuntu/workspace/jpatrick/project2/checkout.php:0
[04-May-2018 03:35:15 UTC] PHP   2. displayItems() /home/ubuntu/workspace/jpatrick/project2/checkout.php:69
[04-May-2018 03:35:27 UTC] PHP Warning:  Invalid argument supplied for foreach() in /home/ubuntu/workspace/jpatrick/project2/checkout.php on line 5
[04-May-2018 03:35:27 UTC] PHP Stack trace:
[04-May-2018 03:35:27 UTC] PHP   1. {main}() /home/ubuntu/workspace/jpatrick/project2/checkout.php:0
[04-May-2018 03:35:27 UTC] PHP   2. displayItems() /home/ubuntu/workspace/jpatrick/project2/checkout.php:69
[04-May-2018 03:40:40 UTC] PHP Warning:  Invalid argument supplied for foreach() in /home/ubuntu/workspace/jpatrick/project2/checkout.php on line 5
[04-May-2018 03:40:40 UTC] PHP Stack trace:
[04-May-2018 03:40:40 UTC] PHP   1. {main}() /home/ubuntu/workspace/jpatrick/project2/checkout.php:0
[04-May-2018 03:40:40 UTC] PHP   2. displayItems() /home/ubuntu/workspace/jpatrick/project2/checkout.php:69
[04-May-2018 04:17:47 UTC] PHP Warning:  Invalid argument supplied for foreach() in /home/ubuntu/workspace/jpatrick/project2/checkout.php on line 5
[04-May-2018 04:17:47 UTC] PHP Stack trace:
[04-May-2018 04:17:47 UTC] PHP   1. {main}() /home/ubuntu/workspace/jpatrick/project2/checkout.php:0
[04-May-2018 04:17:47 UTC] PHP   2. displayItems() /home/ubuntu/workspace/jpatrick/project2/checkout.php:69
[05-May-2018 18:26:28 UTC] PHP Fatal error:  Call to a member function prepare() on a non-object in /home/ubuntu/workspace/jpatrick/project2/adminLogin.php on line 25
[05-May-2018 18:26:28 UTC] PHP Stack trace:
[05-May-2018 18:26:28 UTC] PHP   1. {main}() /home/ubuntu/workspace/jpatrick/project2/adminLogin.php:0
[05-May-2018 18:38:18 UTC] PHP Warning:  Invalid argument supplied for foreach() in /home/ubuntu/workspace/jpatrick/project2/adminLogin.php on line 9
[05-May-2018 18:38:18 UTC] PHP Stack trace:
[05-May-2018 18:38:18 UTC] PHP   1. {main}() /home/ubuntu/workspace/jpatrick/project2/adminLogin.php:0
[05-May-2018 18:38:18 UTC] PHP Warning:  Invalid argument supplied for foreach() in /home/ubuntu/workspace/jpatrick/project2/adminLogin.php on line 9
[05-May-2018 18:38:18 UTC] PHP Stack trace:
[05-May-2018 18:38:18 UTC] PHP   1. {main}() /home/ubuntu/workspace/jpatrick/project2/adminLogin.php:0
[05-May-2018 18:38:18 UTC] PHP Warning:  Invalid argument supplied for foreach() in /home/ubuntu/workspace/jpatrick/project2/adminLogin.php on line 9
[05-May-2018 18:38:18 UTC] PHP Stack trace:
[05-May-2018 18:38:18 UTC] PHP   1. {main}() /home/ubuntu/workspace/jpatrick/project2/adminLogin.php:0
[05-May-2018 21:05:28 UTC] PHP Warning:  Invalid argument supplied for foreach() in /home/ubuntu/workspace/jpatrick/project2/checkout.php on line 5
[05-May-2018 21:05:28 UTC] PHP Stack trace:
[05-May-2018 21:05:28 UTC] PHP   1. {main}() /home/ubuntu/workspace/jpatrick/project2/checkout.php:0
[05-May-2018 21:05:28 UTC] PHP   2. displayItems() /home/ubuntu/workspace/jpatrick/project2/checkout.php:69
[08-May-2018 02:34:33 UTC] PHP Warning:  Missing argument 1 for getDatabaseConnection(), called in /home/ubuntu/workspace/jpatrick/project2/yugioh.php on line 4 and defined in /home/ubuntu/workspace/jpatrick/project2/dbConnection.php on line 3
[08-May-2018 02:34:33 UTC] PHP Stack trace:
[08-May-2018 02:34:33 UTC] PHP   1. {main}() /home/ubuntu/workspace/jpatrick/project2/yugioh.php:0
[08-May-2018 02:34:33 UTC] PHP   2. getDatabaseConnection() /home/ubuntu/workspace/jpatrick/project2/yugioh.php:4
[08-May-2018 02:34:33 UTC] PHP Fatal error:  Uncaught exception 'PDOException' with message 'SQLSTATE[3D000]: Invalid catalog name: 1046 No database selected' in /home/ubuntu/workspace/jpatrick/project2/yugioh.php:11
Stack trace:
#0 /home/ubuntu/workspace/jpatrick/project2/yugioh.php(11): PDOStatement->execute()
#1 /home/ubuntu/workspace/jpatrick/project2/yugioh.php(113): getAllTypes()
#2 {main}
  thrown in /home/ubuntu/workspace/jpatrick/project2/yugioh.php on line 11
[08-May-2018 16:33:00 UTC] PHP Warning:  json_decode() expects parameter 1 to be string, array given in /home/ubuntu/workspace/jpatrick/project2/editCard.php on line 15
[08-May-2018 16:33:00 UTC] PHP Stack trace:
[08-May-2018 16:33:00 UTC] PHP   1. {main}() /home/ubuntu/workspace/jpatrick/project2/editCard.php:0
[08-May-2018 16:33:00 UTC] PHP   2. json_decode() /home/ubuntu/workspace/jpatrick/project2/editCard.php:15
[08-May-2018 16:33:57 UTC] PHP Warning:  json_decode() expects parameter 1 to be string, array given in /home/ubuntu/workspace/jpatrick/project2/editCard.php on line 15
[08-May-2018 16:33:57 UTC] PHP Stack trace:
[08-May-2018 16:33:57 UTC] PHP   1. {main}() /home/ubuntu/workspace/jpatrick/project2/editCard.php:0
[08-May-2018 16:33:57 UTC] PHP   2. json_decode() /home/ubuntu/workspace/jpatrick/project2/editCard.php:15
[08-May-2018 16:33:59 UTC] PHP Warning:  json_decode() expects parameter 1 to be string, array given in /home/ubuntu/workspace/jpatrick/project2/editCard.php on line 15
[08-May-2018 16:33:59 UTC] PHP Stack trace:
[08-May-2018 16:33:59 UTC] PHP   1. {main}() /home/ubuntu/workspace/jpatrick/project2/editCard.php:0
[08-May-2018 16:33:59 UTC] PHP   2. json_decode() /home/ubuntu/workspace/jpatrick/project2/editCard.php:15
[09-May-2018 00:04:05 UTC] PHP Warning:  include(dbConnections.php): failed to open stream: No such file or directory in /home/ubuntu/workspace/jpatrick/project2/getReportData.php on line 2
[09-May-2018 00:04:05 UTC] PHP Stack trace:
[09-May-2018 00:04:05 UTC] PHP   1. {main}() /home/ubuntu/workspace/jpatrick/project2/getReportData.php:0
[09-May-2018 00:04:05 UTC] PHP Warning:  include(): Failed opening 'dbConnections.php' for inclusion (include_path='.:/usr/share/php:/usr/share/pear') in /home/ubuntu/workspace/jpatrick/project2/getReportData.php on line 2
[09-May-2018 00:04:05 UTC] PHP Stack trace:
[09-May-2018 00:04:05 UTC] PHP   1. {main}() /home/ubuntu/workspace/jpatrick/project2/getReportData.php:0
[09-May-2018 00:04:05 UTC] PHP Fatal error:  Call to undefined function getDatabaseConnection() in /home/ubuntu/workspace/jpatrick/project2/getReportData.php on line 3
[09-May-2018 00:04:05 UTC] PHP Stack trace:
[09-May-2018 00:04:05 UTC] PHP   1. {main}() /home/ubuntu/workspace/jpatrick/project2/getReportData.php:0
