[30-Apr-2018 22:34:16 UTC] PHP Warning:  include(../inc/databaseConnection.php): failed to open stream: No such file or directory in /home/ubuntu/workspace/jpatrick/labs/lab10/api/getPetInfo.php on line 2
[30-Apr-2018 22:34:16 UTC] PHP Stack trace:
[30-Apr-2018 22:34:16 UTC] PHP   1. {main}() /home/ubuntu/workspace/jpatrick/labs/lab10/api/getPetInfo.php:0
[30-Apr-2018 22:34:16 UTC] PHP Warning:  include(): Failed opening '../inc/databaseConnection.php' for inclusion (include_path='.:/usr/share/php:/usr/share/pear') in /home/ubuntu/workspace/jpatrick/labs/lab10/api/getPetInfo.php on line 2
[30-Apr-2018 22:34:16 UTC] PHP Stack trace:
[30-Apr-2018 22:34:16 UTC] PHP   1. {main}() /home/ubuntu/workspace/jpatrick/labs/lab10/api/getPetInfo.php:0
[30-Apr-2018 22:34:16 UTC] PHP Fatal error:  Call to undefined function getDatabaseConnection() in /home/ubuntu/workspace/jpatrick/labs/lab10/api/getPetInfo.php on line 9
[30-Apr-2018 22:34:16 UTC] PHP Stack trace:
[30-Apr-2018 22:34:16 UTC] PHP   1. {main}() /home/ubuntu/workspace/jpatrick/labs/lab10/api/getPetInfo.php:0
[30-Apr-2018 22:39:37 UTC] PHP Warning:  include(../../inc/dbConnection.php): failed to open stream: No such file or directory in /home/ubuntu/workspace/jpatrick/labs/lab10/api/getPetInfo.php on line 3
[30-Apr-2018 22:39:37 UTC] PHP Stack trace:
[30-Apr-2018 22:39:37 UTC] PHP   1. {main}() /home/ubuntu/workspace/jpatrick/labs/lab10/api/getPetInfo.php:0
[30-Apr-2018 22:39:37 UTC] PHP Warning:  include(): Failed opening '../../inc/dbConnection.php' for inclusion (include_path='.:/usr/share/php:/usr/share/pear') in /home/ubuntu/workspace/jpatrick/labs/lab10/api/getPetInfo.php on line 3
[30-Apr-2018 22:39:37 UTC] PHP Stack trace:
[30-Apr-2018 22:39:37 UTC] PHP   1. {main}() /home/ubuntu/workspace/jpatrick/labs/lab10/api/getPetInfo.php:0
[30-Apr-2018 22:39:37 UTC] PHP Fatal error:  Call to undefined function getDatabaseConnection() in /home/ubuntu/workspace/jpatrick/labs/lab10/api/getPetInfo.php on line 5
[30-Apr-2018 22:39:37 UTC] PHP Stack trace:
[30-Apr-2018 22:39:37 UTC] PHP   1. {main}() /home/ubuntu/workspace/jpatrick/labs/lab10/api/getPetInfo.php:0
[30-Apr-2018 22:39:37 UTC] PHP Warning:  include(../../inc/dbConnection.php): failed to open stream: No such file or directory in /home/ubuntu/workspace/jpatrick/labs/lab10/api/getPetInfo.php on line 3
[30-Apr-2018 22:39:37 UTC] PHP Stack trace:
[30-Apr-2018 22:39:37 UTC] PHP   1. {main}() /home/ubuntu/workspace/jpatrick/labs/lab10/api/getPetInfo.php:0
[30-Apr-2018 22:39:37 UTC] PHP Warning:  include(): Failed opening '../../inc/dbConnection.php' for inclusion (include_path='.:/usr/share/php:/usr/share/pear') in /home/ubuntu/workspace/jpatrick/labs/lab10/api/getPetInfo.php on line 3
[30-Apr-2018 22:39:37 UTC] PHP Stack trace:
[30-Apr-2018 22:39:37 UTC] PHP   1. {main}() /home/ubuntu/workspace/jpatrick/labs/lab10/api/getPetInfo.php:0
[30-Apr-2018 22:39:37 UTC] PHP Fatal error:  Call to undefined function getDatabaseConnection() in /home/ubuntu/workspace/jpatrick/labs/lab10/api/getPetInfo.php on line 5
[30-Apr-2018 22:39:37 UTC] PHP Stack trace:
[30-Apr-2018 22:39:37 UTC] PHP   1. {main}() /home/ubuntu/workspace/jpatrick/labs/lab10/api/getPetInfo.php:0
[30-Apr-2018 22:39:38 UTC] PHP Warning:  include(../../inc/dbConnection.php): failed to open stream: No such file or directory in /home/ubuntu/workspace/jpatrick/labs/lab10/api/getPetInfo.php on line 3
[30-Apr-2018 22:39:38 UTC] PHP Stack trace:
[30-Apr-2018 22:39:38 UTC] PHP   1. {main}() /home/ubuntu/workspace/jpatrick/labs/lab10/api/getPetInfo.php:0
[30-Apr-2018 22:39:38 UTC] PHP Warning:  include(): Failed opening '../../inc/dbConnection.php' for inclusion (include_path='.:/usr/share/php:/usr/share/pear') in /home/ubuntu/workspace/jpatrick/labs/lab10/api/getPetInfo.php on line 3
[30-Apr-2018 22:39:38 UTC] PHP Stack trace:
[30-Apr-2018 22:39:38 UTC] PHP   1. {main}() /home/ubuntu/workspace/jpatrick/labs/lab10/api/getPetInfo.php:0
[30-Apr-2018 22:39:38 UTC] PHP Fatal error:  Call to undefined function getDatabaseConnection() in /home/ubuntu/workspace/jpatrick/labs/lab10/api/getPetInfo.php on line 5
[30-Apr-2018 22:39:38 UTC] PHP Stack trace:
[30-Apr-2018 22:39:38 UTC] PHP   1. {main}() /home/ubuntu/workspace/jpatrick/labs/lab10/api/getPetInfo.php:0
[30-Apr-2018 22:39:39 UTC] PHP Warning:  include(../../inc/dbConnection.php): failed to open stream: No such file or directory in /home/ubuntu/workspace/jpatrick/labs/lab10/api/getPetInfo.php on line 3
[30-Apr-2018 22:39:39 UTC] PHP Stack trace:
[30-Apr-2018 22:39:39 UTC] PHP   1. {main}() /home/ubuntu/workspace/jpatrick/labs/lab10/api/getPetInfo.php:0
[30-Apr-2018 22:39:39 UTC] PHP Warning:  include(): Failed opening '../../inc/dbConnection.php' for inclusion (include_path='.:/usr/share/php:/usr/share/pear') in /home/ubuntu/workspace/jpatrick/labs/lab10/api/getPetInfo.php on line 3
[30-Apr-2018 22:39:39 UTC] PHP Stack trace:
[30-Apr-2018 22:39:39 UTC] PHP   1. {main}() /home/ubuntu/workspace/jpatrick/labs/lab10/api/getPetInfo.php:0
[30-Apr-2018 22:39:39 UTC] PHP Fatal error:  Call to undefined function getDatabaseConnection() in /home/ubuntu/workspace/jpatrick/labs/lab10/api/getPetInfo.php on line 5
[30-Apr-2018 22:39:39 UTC] PHP Stack trace:
[30-Apr-2018 22:39:39 UTC] PHP   1. {main}() /home/ubuntu/workspace/jpatrick/labs/lab10/api/getPetInfo.php:0
[30-Apr-2018 22:39:41 UTC] PHP Warning:  include(../../inc/dbConnection.php): failed to open stream: No such file or directory in /home/ubuntu/workspace/jpatrick/labs/lab10/api/getPetInfo.php on line 3
[30-Apr-2018 22:39:41 UTC] PHP Stack trace:
[30-Apr-2018 22:39:41 UTC] PHP   1. {main}() /home/ubuntu/workspace/jpatrick/labs/lab10/api/getPetInfo.php:0
[30-Apr-2018 22:39:41 UTC] PHP Warning:  include(): Failed opening '../../inc/dbConnection.php' for inclusion (include_path='.:/usr/share/php:/usr/share/pear') in /home/ubuntu/workspace/jpatrick/labs/lab10/api/getPetInfo.php on line 3
[30-Apr-2018 22:39:41 UTC] PHP Stack trace:
[30-Apr-2018 22:39:41 UTC] PHP   1. {main}() /home/ubuntu/workspace/jpatrick/labs/lab10/api/getPetInfo.php:0
[30-Apr-2018 22:39:41 UTC] PHP Fatal error:  Call to undefined function getDatabaseConnection() in /home/ubuntu/workspace/jpatrick/labs/lab10/api/getPetInfo.php on line 5
[30-Apr-2018 22:39:41 UTC] PHP Stack trace:
[30-Apr-2018 22:39:41 UTC] PHP   1. {main}() /home/ubuntu/workspace/jpatrick/labs/lab10/api/getPetInfo.php:0
[02-May-2018 21:50:50 UTC] PHP Warning:  include(../../inc/dbConnection.php): failed to open stream: No such file or directory in /home/ubuntu/workspace/jpatrick/labs/lab10/api/getPetInfo.php on line 3
[02-May-2018 21:50:50 UTC] PHP Stack trace:
[02-May-2018 21:50:50 UTC] PHP   1. {main}() /home/ubuntu/workspace/jpatrick/labs/lab10/api/getPetInfo.php:0
[02-May-2018 21:50:50 UTC] PHP Warning:  include(): Failed opening '../../inc/dbConnection.php' for inclusion (include_path='.:/usr/share/php:/usr/share/pear') in /home/ubuntu/workspace/jpatrick/labs/lab10/api/getPetInfo.php on line 3
[02-May-2018 21:50:50 UTC] PHP Stack trace:
[02-May-2018 21:50:50 UTC] PHP   1. {main}() /home/ubuntu/workspace/jpatrick/labs/lab10/api/getPetInfo.php:0
[02-May-2018 21:50:50 UTC] PHP Fatal error:  Call to undefined function getDatabaseConnection() in /home/ubuntu/workspace/jpatrick/labs/lab10/api/getPetInfo.php on line 5
[02-May-2018 21:50:50 UTC] PHP Stack trace:
[02-May-2018 21:50:50 UTC] PHP   1. {main}() /home/ubuntu/workspace/jpatrick/labs/lab10/api/getPetInfo.php:0
[02-May-2018 21:50:51 UTC] PHP Warning:  include(../../inc/dbConnection.php): failed to open stream: No such file or directory in /home/ubuntu/workspace/jpatrick/labs/lab10/api/getPetInfo.php on line 3
[02-May-2018 21:50:51 UTC] PHP Stack trace:
[02-May-2018 21:50:51 UTC] PHP   1. {main}() /home/ubuntu/workspace/jpatrick/labs/lab10/api/getPetInfo.php:0
[02-May-2018 21:50:51 UTC] PHP Warning:  include(): Failed opening '../../inc/dbConnection.php' for inclusion (include_path='.:/usr/share/php:/usr/share/pear') in /home/ubuntu/workspace/jpatrick/labs/lab10/api/getPetInfo.php on line 3
[02-May-2018 21:50:51 UTC] PHP Stack trace:
[02-May-2018 21:50:51 UTC] PHP   1. {main}() /home/ubuntu/workspace/jpatrick/labs/lab10/api/getPetInfo.php:0
[02-May-2018 21:50:51 UTC] PHP Fatal error:  Call to undefined function getDatabaseConnection() in /home/ubuntu/workspace/jpatrick/labs/lab10/api/getPetInfo.php on line 5
[02-May-2018 21:50:51 UTC] PHP Stack trace:
[02-May-2018 21:50:51 UTC] PHP   1. {main}() /home/ubuntu/workspace/jpatrick/labs/lab10/api/getPetInfo.php:0
[02-May-2018 21:50:52 UTC] PHP Warning:  include(../../inc/dbConnection.php): failed to open stream: No such file or directory in /home/ubuntu/workspace/jpatrick/labs/lab10/api/getPetInfo.php on line 3
[02-May-2018 21:50:52 UTC] PHP Stack trace:
[02-May-2018 21:50:52 UTC] PHP   1. {main}() /home/ubuntu/workspace/jpatrick/labs/lab10/api/getPetInfo.php:0
[02-May-2018 21:50:52 UTC] PHP Warning:  include(): Failed opening '../../inc/dbConnection.php' for inclusion (include_path='.:/usr/share/php:/usr/share/pear') in /home/ubuntu/workspace/jpatrick/labs/lab10/api/getPetInfo.php on line 3
[02-May-2018 21:50:52 UTC] PHP Stack trace:
[02-May-2018 21:50:52 UTC] PHP   1. {main}() /home/ubuntu/workspace/jpatrick/labs/lab10/api/getPetInfo.php:0
[02-May-2018 21:50:52 UTC] PHP Fatal error:  Call to undefined function getDatabaseConnection() in /home/ubuntu/workspace/jpatrick/labs/lab10/api/getPetInfo.php on line 5
[02-May-2018 21:50:52 UTC] PHP Stack trace:
[02-May-2018 21:50:52 UTC] PHP   1. {main}() /home/ubuntu/workspace/jpatrick/labs/lab10/api/getPetInfo.php:0
[02-May-2018 21:50:53 UTC] PHP Warning:  include(../../inc/dbConnection.php): failed to open stream: No such file or directory in /home/ubuntu/workspace/jpatrick/labs/lab10/api/getPetInfo.php on line 3
[02-May-2018 21:50:53 UTC] PHP Stack trace:
[02-May-2018 21:50:53 UTC] PHP   1. {main}() /home/ubuntu/workspace/jpatrick/labs/lab10/api/getPetInfo.php:0
[02-May-2018 21:50:53 UTC] PHP Warning:  include(): Failed opening '../../inc/dbConnection.php' for inclusion (include_path='.:/usr/share/php:/usr/share/pear') in /home/ubuntu/workspace/jpatrick/labs/lab10/api/getPetInfo.php on line 3
[02-May-2018 21:50:53 UTC] PHP Stack trace:
[02-May-2018 21:50:53 UTC] PHP   1. {main}() /home/ubuntu/workspace/jpatrick/labs/lab10/api/getPetInfo.php:0
[02-May-2018 21:50:53 UTC] PHP Fatal error:  Call to undefined function getDatabaseConnection() in /home/ubuntu/workspace/jpatrick/labs/lab10/api/getPetInfo.php on line 5
[02-May-2018 21:50:53 UTC] PHP Stack trace:
[02-May-2018 21:50:53 UTC] PHP   1. {main}() /home/ubuntu/workspace/jpatrick/labs/lab10/api/getPetInfo.php:0
[02-May-2018 21:50:54 UTC] PHP Warning:  include(../../inc/dbConnection.php): failed to open stream: No such file or directory in /home/ubuntu/workspace/jpatrick/labs/lab10/api/getPetInfo.php on line 3
[02-May-2018 21:50:54 UTC] PHP Stack trace:
[02-May-2018 21:50:54 UTC] PHP   1. {main}() /home/ubuntu/workspace/jpatrick/labs/lab10/api/getPetInfo.php:0
[02-May-2018 21:50:54 UTC] PHP Warning:  include(): Failed opening '../../inc/dbConnection.php' for inclusion (include_path='.:/usr/share/php:/usr/share/pear') in /home/ubuntu/workspace/jpatrick/labs/lab10/api/getPetInfo.php on line 3
[02-May-2018 21:50:54 UTC] PHP Stack trace:
[02-May-2018 21:50:54 UTC] PHP   1. {main}() /home/ubuntu/workspace/jpatrick/labs/lab10/api/getPetInfo.php:0
[02-May-2018 21:50:54 UTC] PHP Fatal error:  Call to undefined function getDatabaseConnection() in /home/ubuntu/workspace/jpatrick/labs/lab10/api/getPetInfo.php on line 5
[02-May-2018 21:50:54 UTC] PHP Stack trace:
[02-May-2018 21:50:54 UTC] PHP   1. {main}() /home/ubuntu/workspace/jpatrick/labs/lab10/api/getPetInfo.php:0
[02-May-2018 21:50:55 UTC] PHP Warning:  include(../../inc/dbConnection.php): failed to open stream: No such file or directory in /home/ubuntu/workspace/jpatrick/labs/lab10/api/getPetInfo.php on line 3
[02-May-2018 21:50:55 UTC] PHP Stack trace:
[02-May-2018 21:50:55 UTC] PHP   1. {main}() /home/ubuntu/workspace/jpatrick/labs/lab10/api/getPetInfo.php:0
[02-May-2018 21:50:55 UTC] PHP Warning:  include(): Failed opening '../../inc/dbConnection.php' for inclusion (include_path='.:/usr/share/php:/usr/share/pear') in /home/ubuntu/workspace/jpatrick/labs/lab10/api/getPetInfo.php on line 3
[02-May-2018 21:50:55 UTC] PHP Stack trace:
[02-May-2018 21:50:55 UTC] PHP   1. {main}() /home/ubuntu/workspace/jpatrick/labs/lab10/api/getPetInfo.php:0
[02-May-2018 21:50:55 UTC] PHP Fatal error:  Call to undefined function getDatabaseConnection() in /home/ubuntu/workspace/jpatrick/labs/lab10/api/getPetInfo.php on line 5
[02-May-2018 21:50:55 UTC] PHP Stack trace:
[02-May-2018 21:50:55 UTC] PHP   1. {main}() /home/ubuntu/workspace/jpatrick/labs/lab10/api/getPetInfo.php:0
[02-May-2018 21:50:55 UTC] PHP Warning:  include(../../inc/dbConnection.php): failed to open stream: No such file or directory in /home/ubuntu/workspace/jpatrick/labs/lab10/api/getPetInfo.php on line 3
[02-May-2018 21:50:55 UTC] PHP Stack trace:
[02-May-2018 21:50:55 UTC] PHP   1. {main}() /home/ubuntu/workspace/jpatrick/labs/lab10/api/getPetInfo.php:0
[02-May-2018 21:50:55 UTC] PHP Warning:  include(): Failed opening '../../inc/dbConnection.php' for inclusion (include_path='.:/usr/share/php:/usr/share/pear') in /home/ubuntu/workspace/jpatrick/labs/lab10/api/getPetInfo.php on line 3
[02-May-2018 21:50:55 UTC] PHP Stack trace:
[02-May-2018 21:50:55 UTC] PHP   1. {main}() /home/ubuntu/workspace/jpatrick/labs/lab10/api/getPetInfo.php:0
[02-May-2018 21:50:55 UTC] PHP Fatal error:  Call to undefined function getDatabaseConnection() in /home/ubuntu/workspace/jpatrick/labs/lab10/api/getPetInfo.php on line 5
[02-May-2018 21:50:55 UTC] PHP Stack trace:
[02-May-2018 21:50:55 UTC] PHP   1. {main}() /home/ubuntu/workspace/jpatrick/labs/lab10/api/getPetInfo.php:0
