[25-Feb-2018 07:21:23 UTC] PHP Parse error:  syntax error, unexpected 'ucfirst' (T_STRING), expecting ',' or ';' in /home/ubuntu/workspace/jpatrick/labs/lab2/index.php on line 54
[25-Mar-2018 04:50:04 UTC] PHP Fatal error:  Uncaught exception 'PDOException' with message 'SQLSTATE[42S02]: Base table or view not found: 1146 Table 'ottermart.types' doesn't exist' in /home/ubuntu/workspace/jpatrick/labs/lab5/main.php:11
Stack trace:
#0 /home/ubuntu/workspace/jpatrick/labs/lab5/main.php(11): PDOStatement->execute()
#1 /home/ubuntu/workspace/jpatrick/labs/lab5/main.php(99): getAllTypes()
#2 {main}
  thrown in /home/ubuntu/workspace/jpatrick/labs/lab5/main.php on line 11
[25-Mar-2018 05:59:15 UTC] PHP Fatal error:  Uncaught exception 'PDOException' with message 'SQLSTATE[42S02]: Base table or view not found: 1146 Table 'ottermart.types' doesn't exist' in /home/ubuntu/workspace/jpatrick/labs/lab5a/main.php:11
Stack trace:
#0 /home/ubuntu/workspace/jpatrick/labs/lab5a/main.php(11): PDOStatement->execute()
#1 /home/ubuntu/workspace/jpatrick/labs/lab5a/main.php(87): getAllTypes()
#2 {main}
  thrown in /home/ubuntu/workspace/jpatrick/labs/lab5a/main.php on line 11
[25-Mar-2018 05:59:25 UTC] PHP Warning:  Invalid argument supplied for foreach() in /home/ubuntu/workspace/jpatrick/labs/lab5a/checkout.php on line 5
[25-Mar-2018 05:59:25 UTC] PHP Stack trace:
[25-Mar-2018 05:59:25 UTC] PHP   1. {main}() /home/ubuntu/workspace/jpatrick/labs/lab5a/checkout.php:0
[25-Mar-2018 05:59:25 UTC] PHP   2. displayItems() /home/ubuntu/workspace/jpatrick/labs/lab5a/checkout.php:52
[25-Mar-2018 06:00:14 UTC] PHP Fatal error:  Uncaught exception 'PDOException' with message 'SQLSTATE[42S02]: Base table or view not found: 1146 Table 'ottermart.types' doesn't exist' in /home/ubuntu/workspace/jpatrick/labs/lab5/index.php:11
Stack trace:
#0 /home/ubuntu/workspace/jpatrick/labs/lab5/index.php(11): PDOStatement->execute()
#1 /home/ubuntu/workspace/jpatrick/labs/lab5/index.php(87): getAllTypes()
#2 {main}
  thrown in /home/ubuntu/workspace/jpatrick/labs/lab5/index.php on line 11
[25-Mar-2018 06:00:17 UTC] PHP Warning:  Invalid argument supplied for foreach() in /home/ubuntu/workspace/jpatrick/labs/lab5/checkout.php on line 5
[25-Mar-2018 06:00:17 UTC] PHP Stack trace:
[25-Mar-2018 06:00:17 UTC] PHP   1. {main}() /home/ubuntu/workspace/jpatrick/labs/lab5/checkout.php:0
[25-Mar-2018 06:00:17 UTC] PHP   2. displayItems() /home/ubuntu/workspace/jpatrick/labs/lab5/checkout.php:52
[01-Apr-2018 22:35:21 UTC] PHP Warning:  include(../../dbConnection.php): failed to open stream: No such file or directory in /home/ubuntu/workspace/jpatrick/labs/lab6/index.php on line 3
[01-Apr-2018 22:35:21 UTC] PHP Stack trace:
[01-Apr-2018 22:35:21 UTC] PHP   1. {main}() /home/ubuntu/workspace/jpatrick/labs/lab6/index.php:0
[01-Apr-2018 22:35:21 UTC] PHP Warning:  include(): Failed opening '../../dbConnection.php' for inclusion (include_path='.:/usr/share/php:/usr/share/pear') in /home/ubuntu/workspace/jpatrick/labs/lab6/index.php on line 3
[01-Apr-2018 22:35:21 UTC] PHP Stack trace:
[01-Apr-2018 22:35:21 UTC] PHP   1. {main}() /home/ubuntu/workspace/jpatrick/labs/lab6/index.php:0
[01-Apr-2018 22:35:21 UTC] PHP Fatal error:  Call to undefined function getDatabaseConnection() in /home/ubuntu/workspace/jpatrick/labs/lab6/index.php on line 5
[01-Apr-2018 22:35:21 UTC] PHP Stack trace:
[01-Apr-2018 22:35:21 UTC] PHP   1. {main}() /home/ubuntu/workspace/jpatrick/labs/lab6/index.php:0
[01-Apr-2018 23:23:24 UTC] PHP Warning:  include(../../dbConnection.php): failed to open stream: No such file or directory in /home/ubuntu/workspace/jpatrick/labs/lab6/index.php on line 3
[01-Apr-2018 23:23:24 UTC] PHP Stack trace:
[01-Apr-2018 23:23:24 UTC] PHP   1. {main}() /home/ubuntu/workspace/jpatrick/labs/lab6/index.php:0
[01-Apr-2018 23:23:24 UTC] PHP Warning:  include(): Failed opening '../../dbConnection.php' for inclusion (include_path='.:/usr/share/php:/usr/share/pear') in /home/ubuntu/workspace/jpatrick/labs/lab6/index.php on line 3
[01-Apr-2018 23:23:24 UTC] PHP Stack trace:
[01-Apr-2018 23:23:24 UTC] PHP   1. {main}() /home/ubuntu/workspace/jpatrick/labs/lab6/index.php:0
[01-Apr-2018 23:23:24 UTC] PHP Fatal error:  Call to undefined function getDatabaseConnection() in /home/ubuntu/workspace/jpatrick/labs/lab6/index.php on line 5
[01-Apr-2018 23:23:24 UTC] PHP Stack trace:
[01-Apr-2018 23:23:24 UTC] PHP   1. {main}() /home/ubuntu/workspace/jpatrick/labs/lab6/index.php:0
[01-Apr-2018 23:24:13 UTC] PHP Warning:  include(../../dbConnection.php): failed to open stream: No such file or directory in /home/ubuntu/workspace/jpatrick/labs/lab6/index.php on line 3
[01-Apr-2018 23:24:13 UTC] PHP Stack trace:
[01-Apr-2018 23:24:13 UTC] PHP   1. {main}() /home/ubuntu/workspace/jpatrick/labs/lab6/index.php:0
[01-Apr-2018 23:24:13 UTC] PHP Warning:  include(): Failed opening '../../dbConnection.php' for inclusion (include_path='.:/usr/share/php:/usr/share/pear') in /home/ubuntu/workspace/jpatrick/labs/lab6/index.php on line 3
[01-Apr-2018 23:24:13 UTC] PHP Stack trace:
[01-Apr-2018 23:24:13 UTC] PHP   1. {main}() /home/ubuntu/workspace/jpatrick/labs/lab6/index.php:0
[01-Apr-2018 23:24:13 UTC] PHP Fatal error:  Call to undefined function getDatabaseConnection() in /home/ubuntu/workspace/jpatrick/labs/lab6/index.php on line 5
[01-Apr-2018 23:24:13 UTC] PHP Stack trace:
[01-Apr-2018 23:24:13 UTC] PHP   1. {main}() /home/ubuntu/workspace/jpatrick/labs/lab6/index.php:0
[01-Apr-2018 23:25:27 UTC] PHP Warning:  include(../../dbConnection.php): failed to open stream: No such file or directory in /home/ubuntu/workspace/jpatrick/labs/lab6/index.php on line 3
[01-Apr-2018 23:25:27 UTC] PHP Stack trace:
[01-Apr-2018 23:25:27 UTC] PHP   1. {main}() /home/ubuntu/workspace/jpatrick/labs/lab6/index.php:0
[01-Apr-2018 23:25:27 UTC] PHP Warning:  include(): Failed opening '../../dbConnection.php' for inclusion (include_path='.:/usr/share/php:/usr/share/pear') in /home/ubuntu/workspace/jpatrick/labs/lab6/index.php on line 3
[01-Apr-2018 23:25:27 UTC] PHP Stack trace:
[01-Apr-2018 23:25:27 UTC] PHP   1. {main}() /home/ubuntu/workspace/jpatrick/labs/lab6/index.php:0
[01-Apr-2018 23:25:27 UTC] PHP Fatal error:  Call to undefined function getDatabaseConnection() in /home/ubuntu/workspace/jpatrick/labs/lab6/index.php on line 5
[01-Apr-2018 23:25:27 UTC] PHP Stack trace:
[01-Apr-2018 23:25:27 UTC] PHP   1. {main}() /home/ubuntu/workspace/jpatrick/labs/lab6/index.php:0
[02-Apr-2018 00:54:44 UTC] PHP Warning:  include(../../dbConnection.php): failed to open stream: No such file or directory in /home/ubuntu/workspace/jpatrick/labs/lab6/index.php on line 3
[02-Apr-2018 00:54:44 UTC] PHP Stack trace:
[02-Apr-2018 00:54:44 UTC] PHP   1. {main}() /home/ubuntu/workspace/jpatrick/labs/lab6/index.php:0
[02-Apr-2018 00:54:44 UTC] PHP Warning:  include(): Failed opening '../../dbConnection.php' for inclusion (include_path='.:/usr/share/php:/usr/share/pear') in /home/ubuntu/workspace/jpatrick/labs/lab6/index.php on line 3
[02-Apr-2018 00:54:44 UTC] PHP Stack trace:
[02-Apr-2018 00:54:44 UTC] PHP   1. {main}() /home/ubuntu/workspace/jpatrick/labs/lab6/index.php:0
[02-Apr-2018 00:54:44 UTC] PHP Fatal error:  Call to undefined function getDatabaseConnection() in /home/ubuntu/workspace/jpatrick/labs/lab6/index.php on line 5
[02-Apr-2018 00:54:44 UTC] PHP Stack trace:
[02-Apr-2018 00:54:44 UTC] PHP   1. {main}() /home/ubuntu/workspace/jpatrick/labs/lab6/index.php:0
[02-Apr-2018 01:18:20 UTC] PHP Fatal error:  Uncaught exception 'PDOException' with message 'SQLSTATE[42S02]: Base table or view not found: 1146 Table 'ottermart.om_category' doesn't exist' in /home/ubuntu/workspace/jpatrick/labs/lab6/index.php:13
Stack trace:
#0 /home/ubuntu/workspace/jpatrick/labs/lab6/index.php(13): PDOStatement->execute()
#1 /home/ubuntu/workspace/jpatrick/labs/lab6/index.php(111): displayCategories()
#2 {main}
  thrown in /home/ubuntu/workspace/jpatrick/labs/lab6/index.php on line 13
[02-Apr-2018 01:58:05 UTC] PHP Fatal error:  Uncaught exception 'PDOException' with message 'SQLSTATE[42S02]: Base table or view not found: 1146 Table 'ottermart.om_category' doesn't exist' in /home/ubuntu/workspace/jpatrick/labs/lab6/index.php:13
Stack trace:
#0 /home/ubuntu/workspace/jpatrick/labs/lab6/index.php(13): PDOStatement->execute()
#1 /home/ubuntu/workspace/jpatrick/labs/lab6/index.php(111): displayCategories()
#2 {main}
  thrown in /home/ubuntu/workspace/jpatrick/labs/lab6/index.php on line 13
[02-Apr-2018 01:58:20 UTC] PHP Fatal error:  Uncaught exception 'PDOException' with message 'SQLSTATE[42S02]: Base table or view not found: 1146 Table 'ottermart.om_category' doesn't exist' in /home/ubuntu/workspace/jpatrick/labs/lab6/index.php:13
Stack trace:
#0 /home/ubuntu/workspace/jpatrick/labs/lab6/index.php(13): PDOStatement->execute()
#1 /home/ubuntu/workspace/jpatrick/labs/lab6/index.php(111): displayCategories()
#2 {main}
  thrown in /home/ubuntu/workspace/jpatrick/labs/lab6/index.php on line 13
[02-Apr-2018 01:58:51 UTC] PHP Fatal error:  Uncaught exception 'PDOException' with message 'SQLSTATE[42S02]: Base table or view not found: 1146 Table 'ottermart.om_category' doesn't exist' in /home/ubuntu/workspace/jpatrick/labs/lab6/index.php:13
Stack trace:
#0 /home/ubuntu/workspace/jpatrick/labs/lab6/index.php(13): PDOStatement->execute()
#1 /home/ubuntu/workspace/jpatrick/labs/lab6/index.php(111): displayCategories()
#2 {main}
  thrown in /home/ubuntu/workspace/jpatrick/labs/lab6/index.php on line 13
[02-Apr-2018 09:51:20 UTC] PHP Fatal error:  Uncaught exception 'PDOException' with message 'SQLSTATE[42S02]: Base table or view not found: 1146 Table 'ottermart.om_category' doesn't exist' in /home/ubuntu/workspace/jpatrick/labs/lab6/index.php:13
Stack trace:
#0 /home/ubuntu/workspace/jpatrick/labs/lab6/index.php(13): PDOStatement->execute()
#1 /home/ubuntu/workspace/jpatrick/labs/lab6/index.php(111): displayCategories()
#2 {main}
  thrown in /home/ubuntu/workspace/jpatrick/labs/lab6/index.php on line 13
[02-Apr-2018 09:52:30 UTC] PHP Fatal error:  Uncaught exception 'PDOException' with message 'SQLSTATE[42S02]: Base table or view not found: 1146 Table 'ottermart.om_category' doesn't exist' in /home/ubuntu/workspace/jpatrick/labs/lab6/index.php:13
Stack trace:
#0 /home/ubuntu/workspace/jpatrick/labs/lab6/index.php(13): PDOStatement->execute()
#1 /home/ubuntu/workspace/jpatrick/labs/lab6/index.php(111): displayCategories()
#2 {main}
  thrown in /home/ubuntu/workspace/jpatrick/labs/lab6/index.php on line 13
[02-Apr-2018 09:52:48 UTC] PHP Fatal error:  Uncaught exception 'PDOException' with message 'SQLSTATE[42S02]: Base table or view not found: 1146 Table 'ottermart.om_category' doesn't exist' in /home/ubuntu/workspace/jpatrick/labs/lab6/index.php:13
Stack trace:
#0 /home/ubuntu/workspace/jpatrick/labs/lab6/index.php(13): PDOStatement->execute()
#1 /home/ubuntu/workspace/jpatrick/labs/lab6/index.php(111): displayCategories()
#2 {main}
  thrown in /home/ubuntu/workspace/jpatrick/labs/lab6/index.php on line 13
[02-Apr-2018 09:55:16 UTC] PHP Fatal error:  Uncaught exception 'PDOException' with message 'SQLSTATE[42S02]: Base table or view not found: 1146 Table 'ottermart.om_category' doesn't exist' in /home/ubuntu/workspace/jpatrick/labs/lab6/index.php:12
Stack trace:
#0 /home/ubuntu/workspace/jpatrick/labs/lab6/index.php(12): PDOStatement->execute()
#1 /home/ubuntu/workspace/jpatrick/labs/lab6/index.php(110): displayCategories()
#2 {main}
  thrown in /home/ubuntu/workspace/jpatrick/labs/lab6/index.php on line 12
[02-Apr-2018 09:55:23 UTC] PHP Fatal error:  Uncaught exception 'PDOException' with message 'SQLSTATE[42S02]: Base table or view not found: 1146 Table 'ottermart.om_category' doesn't exist' in /home/ubuntu/workspace/jpatrick/labs/lab6/index.php:12
Stack trace:
#0 /home/ubuntu/workspace/jpatrick/labs/lab6/index.php(12): PDOStatement->execute()
#1 /home/ubuntu/workspace/jpatrick/labs/lab6/index.php(110): displayCategories()
#2 {main}
  thrown in /home/ubuntu/workspace/jpatrick/labs/lab6/index.php on line 12
[02-Apr-2018 10:04:21 UTC] PHP Fatal error:  Uncaught exception 'PDOException' with message 'SQLSTATE[42S02]: Base table or view not found: 1146 Table 'ottermart.om_category' doesn't exist' in /home/ubuntu/workspace/jpatrick/labs/lab6/index.php:12
Stack trace:
#0 /home/ubuntu/workspace/jpatrick/labs/lab6/index.php(12): PDOStatement->execute()
#1 /home/ubuntu/workspace/jpatrick/labs/lab6/index.php(110): displayCategories()
#2 {main}
  thrown in /home/ubuntu/workspace/jpatrick/labs/lab6/index.php on line 12
[02-Apr-2018 22:15:44 UTC] PHP Fatal error:  Uncaught exception 'PDOException' with message 'SQLSTATE[42S02]: Base table or view not found: 1146 Table 'ottermart.om_admin' doesn't exist' in /home/ubuntu/workspace/jpatrick/labs/lab7/loginProcess.php:35
Stack trace:
#0 /home/ubuntu/workspace/jpatrick/labs/lab7/loginProcess.php(35): PDOStatement->execute(Array)
#1 {main}
  thrown in /home/ubuntu/workspace/jpatrick/labs/lab7/loginProcess.php on line 35
[02-Apr-2018 22:21:35 UTC] PHP Fatal error:  Uncaught exception 'PDOException' with message 'SQLSTATE[42S02]: Base table or view not found: 1146 Table 'ottermart.om_product' doesn't exist' in /home/ubuntu/workspace/jpatrick/labs/lab6/purchaseHistory.php:25
Stack trace:
#0 /home/ubuntu/workspace/jpatrick/labs/lab6/purchaseHistory.php(25): PDOStatement->execute(Array)
#1 {main}
  thrown in /home/ubuntu/workspace/jpatrick/labs/lab6/purchaseHistory.php on line 25
[02-Apr-2018 22:45:46 UTC] PHP Fatal error:  Uncaught exception 'PDOException' with message 'SQLSTATE[42S02]: Base table or view not found: 1146 Table 'ottermart.om_admin' doesn't exist' in /home/ubuntu/workspace/jpatrick/labs/lab7/loginProcess.php:35
Stack trace:
#0 /home/ubuntu/workspace/jpatrick/labs/lab7/loginProcess.php(35): PDOStatement->execute(Array)
#1 {main}
  thrown in /home/ubuntu/workspace/jpatrick/labs/lab7/loginProcess.php on line 35
[03-Apr-2018 19:33:35 UTC] PHP Fatal error:  Uncaught exception 'PDOException' with message 'SQLSTATE[42S02]: Base table or view not found: 1146 Table 'ottermart.om_category' doesn't exist' in /home/ubuntu/workspace/jpatrick/labs/lab6/index.php:14
Stack trace:
#0 /home/ubuntu/workspace/jpatrick/labs/lab6/index.php(14): PDOStatement->execute()
#1 /home/ubuntu/workspace/jpatrick/labs/lab6/index.php(89): displayCategories()
#2 {main}
  thrown in /home/ubuntu/workspace/jpatrick/labs/lab6/index.php on line 14
[03-Apr-2018 19:35:55 UTC] PHP Fatal error:  Uncaught exception 'PDOException' with message 'SQLSTATE[42S02]: Base table or view not found: 1146 Table 'ottermart.om_category' doesn't exist' in /home/ubuntu/workspace/jpatrick/labs/lab6/index.php:12
Stack trace:
#0 /home/ubuntu/workspace/jpatrick/labs/lab6/index.php(12): PDOStatement->execute()
#1 /home/ubuntu/workspace/jpatrick/labs/lab6/index.php(110): displayCategories()
#2 {main}
  thrown in /home/ubuntu/workspace/jpatrick/labs/lab6/index.php on line 12
[03-Apr-2018 19:39:52 UTC] PHP Fatal error:  Uncaught exception 'PDOException' with message 'SQLSTATE[42S02]: Base table or view not found: 1146 Table 'ottermart.om_category' doesn't exist' in /home/ubuntu/workspace/jpatrick/labs/lab6/index.php:14
Stack trace:
#0 /home/ubuntu/workspace/jpatrick/labs/lab6/index.php(14): PDOStatement->execute()
#1 /home/ubuntu/workspace/jpatrick/labs/lab6/index.php(89): displayCategories()
#2 {main}
  thrown in /home/ubuntu/workspace/jpatrick/labs/lab6/index.php on line 14
[03-Apr-2018 19:45:36 UTC] PHP Warning:  include(../dbConnection.php): failed to open stream: No such file or directory in /home/ubuntu/workspace/jpatrick/labs/lab6/index.php on line 2
[03-Apr-2018 19:45:36 UTC] PHP Stack trace:
[03-Apr-2018 19:45:36 UTC] PHP   1. {main}() /home/ubuntu/workspace/jpatrick/labs/lab6/index.php:0
[03-Apr-2018 19:45:36 UTC] PHP Warning:  include(): Failed opening '../dbConnection.php' for inclusion (include_path='.:/usr/share/php:/usr/share/pear') in /home/ubuntu/workspace/jpatrick/labs/lab6/index.php on line 2
[03-Apr-2018 19:45:36 UTC] PHP Stack trace:
[03-Apr-2018 19:45:36 UTC] PHP   1. {main}() /home/ubuntu/workspace/jpatrick/labs/lab6/index.php:0
[03-Apr-2018 19:45:36 UTC] PHP Fatal error:  Call to undefined function getDatabaseConnection() in /home/ubuntu/workspace/jpatrick/labs/lab6/index.php on line 4
[03-Apr-2018 19:45:36 UTC] PHP Stack trace:
[03-Apr-2018 19:45:36 UTC] PHP   1. {main}() /home/ubuntu/workspace/jpatrick/labs/lab6/index.php:0
[03-Apr-2018 19:46:22 UTC] PHP Fatal error:  Uncaught exception 'PDOException' with message 'SQLSTATE[42S02]: Base table or view not found: 1146 Table 'ottermart.om_category' doesn't exist' in /home/ubuntu/workspace/jpatrick/labs/lab6/index.php:12
Stack trace:
#0 /home/ubuntu/workspace/jpatrick/labs/lab6/index.php(12): PDOStatement->execute()
#1 /home/ubuntu/workspace/jpatrick/labs/lab6/index.php(110): displayCategories()
#2 {main}
  thrown in /home/ubuntu/workspace/jpatrick/labs/lab6/index.php on line 12
[03-Apr-2018 19:49:21 UTC] PHP Fatal error:  Uncaught exception 'PDOException' with message 'SQLSTATE[HY000] [1049] Unknown database 'heroku_01f7a5f71bceb78'' in /home/ubuntu/workspace/jpatrick/dbConnection.php:19
Stack trace:
#0 /home/ubuntu/workspace/jpatrick/dbConnection.php(19): PDO->__construct('mysql:host=loca...', 'root', '')
#1 /home/ubuntu/workspace/jpatrick/labs/lab6/index.php(4): getDatabaseConnection('heroku_01f7a5f7...')
#2 {main}
  thrown in /home/ubuntu/workspace/jpatrick/dbConnection.php on line 19
[03-Apr-2018 19:49:57 UTC] PHP Fatal error:  Uncaught exception 'PDOException' with message 'SQLSTATE[42S02]: Base table or view not found: 1146 Table 'ottermart.om_category' doesn't exist' in /home/ubuntu/workspace/jpatrick/labs/lab6/index.php:12
Stack trace:
#0 /home/ubuntu/workspace/jpatrick/labs/lab6/index.php(12): PDOStatement->execute()
#1 /home/ubuntu/workspace/jpatrick/labs/lab6/index.php(110): displayCategories()
#2 {main}
  thrown in /home/ubuntu/workspace/jpatrick/labs/lab6/index.php on line 12
[03-Apr-2018 23:14:22 UTC] PHP Fatal error:  Uncaught exception 'PDOException' with message 'SQLSTATE[42S02]: Base table or view not found: 1146 Table 'ottermart.om_category' doesn't exist' in /home/ubuntu/workspace/jpatrick/labs/lab6/index.php:12
Stack trace:
#0 /home/ubuntu/workspace/jpatrick/labs/lab6/index.php(12): PDOStatement->execute()
#1 /home/ubuntu/workspace/jpatrick/labs/lab6/index.php(110): displayCategories()
#2 {main}
  thrown in /home/ubuntu/workspace/jpatrick/labs/lab6/index.php on line 12
[03-Apr-2018 23:28:48 UTC] PHP Fatal error:  Uncaught exception 'PDOException' with message 'SQLSTATE[HY093]: Invalid parameter number: parameter was not defined' in /home/ubuntu/workspace/jpatrick/labs/lab6/index.php:76
Stack trace:
#0 /home/ubuntu/workspace/jpatrick/labs/lab6/index.php(76): PDOStatement->execute(Array)
#1 /home/ubuntu/workspace/jpatrick/labs/lab6/index.php(132): displaySearchResults()
#2 {main}
  thrown in /home/ubuntu/workspace/jpatrick/labs/lab6/index.php on line 76
